[2025-03-12 17:31:32] El usuario ha consultado el saldo
[2025-03-23 16:16:45] El usuario se ha registrado correctamente
[2025-03-23 16:17:27] El usuario ha intentado iniciar sesion. Fallo al introducir las credenciales
[2025-03-23 16:17:37] El usuario ha iniciado sesión correctamente
[2025-03-23 16:18:30] El usuario ha realizado una transferencia exitosa
[2025-03-23 16:18:39] El usuario ha salido del sistema
[2025-03-23 16:20:33] El usuario se ha registrado correctamente
[2025-03-23 16:20:57] El usuario ha iniciado sesión correctamente

[2025-03-23 17:56:21] El usuario ha iniciado sesión correctamente

[2025-03-23 17:56:27] El usuario ha realizado un retiro exitosamente
[2025-03-23 17:56:31] El usuario ha consultado el saldo exitosamente
[2025-03-23 17:56:34] El usuario ha salido del menu de usuario
[2025-03-23 17:56:36] El usuario ha salido del sistema
[2025-03-23 17:56:59] El usuario ha iniciado sesión correctamente

[2025-03-23 17:57:07] El usuario ha salido del menu de usuario
[2025-03-23 17:57:09] El usuario ha salido del sistema
[2025-03-23 17:58:06] El usuario ha iniciado sesión correctamente

[2025-03-23 17:58:17] El usuario ha realizado un retiro exitosamente
[2025-03-23 17:58:18] El usuario ha salido del menu de usuario
[2025-03-23 17:58:20] El usuario ha salido del sistema
[2025-03-23 17:59:55] El usuario ha iniciado sesión correctamente

[2025-03-23 18:00:14] El usuario ha salido del menu de usuario
[2025-03-23 18:00:18] El usuario ha salido del sistema
[2025-03-23 18:00:44] El usuario ha iniciado sesión correctamente

[2025-03-23 18:00:48] El usuario ha salido del menu de usuario
[2025-03-23 18:00:50] El usuario ha salido del sistema
[2025-03-23 18:01:49] El usuario ha iniciado sesión correctamente

[2025-03-23 18:01:52] El usuario ha realizado un ingreso exitosamente
[2025-03-23 18:02:00] El usuario ha salido del menu de usuario
[2025-03-23 18:02:03] El usuario ha salido del sistema
[2025-03-23 18:04:11] El usuario ha iniciado sesión correctamente

[2025-03-23 18:04:15] El usuario ha realizado un ingreso exitosamente
[2025-03-23 18:04:21] El usuario ha salido del menu de usuario
[2025-03-23 18:04:23] El usuario ha salido del sistema
[2025-03-23 18:04:38] El usuario ha iniciado sesión correctamente

[2025-03-23 18:04:41] El usuario ha realizado un ingreso exitosamente

[2025-03-23 18:04:49] El usuario ha consultado el saldo exitosamente
[2025-03-23 18:04:52] El usuario ha salido del menu de usuario
[2025-03-23 18:04:54] El usuario ha salido del sistema
[2025-03-23 18:12:36] El usuario ha iniciado sesión correctamente

[2025-03-23 18:12:41] El usuario ha salido del sistema
[2025-03-23 18:14:14] El usuario ha iniciado sesión correctamente

[2025-03-23 18:14:19] El usuario ha realizado un ingreso exitosamente

[2025-03-23 18:14:24] El usuario ha consultado el saldo exitosamente
[2025-03-23 18:14:27] El usuario ha salido del menu de usuario
[2025-03-23 18:14:29] El usuario ha salido del sistema
[2025-03-23 18:15:10] El usuario ha iniciado sesión correctamente

[2025-03-23 18:15:15] El usuario ha consultado el saldo exitosamente
[2025-03-23 18:15:18] El usuario ha salido del menu de usuario
[2025-03-23 18:15:21] El usuario ha salido del sistema
[2025-03-23 18:16:43] El usuario ha iniciado sesión correctamente

[2025-03-23 18:16:58] El usuario ha realizado un retiro exitosamente
[2025-03-23 18:17:08] El usuario ha consultado el saldo exitosamente
[2025-03-23 18:17:16] El usuario ha salido del menu de usuario
[2025-03-23 18:17:18] El usuario ha salido del sistema
[2025-03-23 18:17:54] El usuario ha iniciado sesión correctamente

[2025-03-23 18:17:59] El usuario ha realizado un retiro exitosamente
[2025-03-23 18:18:04] El usuario ha consultado el saldo exitosamente
[2025-03-23 18:18:08] El usuario ha salido del menu de usuario
[2025-03-23 18:18:11] El usuario ha salido del sistema
[2025-03-23 18:19:25] El usuario ha iniciado sesión correctamente

[2025-03-23 18:19:29] El usuario ha realizado un retiro exitosamente
[2025-03-23 18:19:34] El usuario ha consultado el saldo exitosamente
[2025-03-23 18:19:37] El usuario ha salido del menu de usuario
[2025-03-23 18:19:39] El usuario ha salido del sistema
[2025-03-23 18:21:54] El usuario ha iniciado sesión correctamente

[2025-03-23 18:21:58] El usuario ha consultado el saldo exitosamente
[2025-03-23 18:22:09] El usuario ha consultado el saldo exitosamente
[2025-03-23 18:22:32] El usuario ha realizado un ingreso exitosamente
[2025-03-23 18:22:32] El usuario ha realizado un ingreso exitosamente
[2025-03-23 18:22:38] El usuario ha realizado un ingreso exitosamente
[2025-03-23 18:22:38] El usuario ha realizado un ingreso exitosamente
[2025-03-23 18:22:47] El usuario ha realizado un retiro exitosamente
[2025-03-23 18:22:51] El usuario ha realizado un ingreso exitosamente
[2025-03-23 18:22:51] El usuario ha realizado un ingreso exitosamente
[2025-03-23 18:22:53] El usuario ha salido del menu de usuario
[2025-03-23 18:22:55] El usuario ha salido del sistema
[2025-03-23 18:23:25] El usuario ha iniciado sesión correctamente

[2025-03-23 18:23:30] El usuario ha realizado un ingreso exitosamente
[2025-03-23 18:23:30] El usuario ha realizado un ingreso exitosamente
[2025-03-23 18:23:34] El usuario ha salido del menu de usuario
[2025-03-23 18:23:38] El usuario ha salido del sistema
[2025-03-23 18:25:46] El usuario ha iniciado sesión correctamente

[2025-03-23 18:25:49] El usuario ha realizado un ingreso exitosamente
[2025-03-23 18:25:54] El usuario ha consultado el saldo exitosamente
[2025-03-23 18:26:05] El usuario ha realizado un ingreso exitosamente
[2025-03-23 18:26:09] El usuario ha consultado el saldo exitosamente
[2025-03-23 18:26:13] El usuario ha salido del menu de usuario
[2025-03-23 18:26:15] El usuario ha salido del sistema
[2025-03-23 18:47:09] El usuario ha iniciado sesión correctamente

[2025-03-23 18:47:32] El usuario ha realizado una transferencia exitosa
[2025-03-23 18:48:01] El usuario ha consultado el saldo exitosamente
[2025-03-23 18:48:05] El usuario ha salido del menu de usuario
[2025-03-23 18:49:01] El usuario ha salido del sistema
[2025-03-23 18:49:08] El usuario ha iniciado sesión correctamente

[2025-03-23 18:49:25] El usuario ha realizado una transferencia exitosa
[2025-03-23 18:49:31] El usuario ha salido del menu de usuario
[2025-03-23 18:49:33] El usuario ha salido del sistema
[2025-03-23 18:50:58] El usuario ha iniciado sesión correctamente

[2025-03-23 18:51:08] El usuario ha realizado una transferencia exitosa
[2025-03-23 18:51:29] El usuario ha iniciado sesión correctamente

[2025-03-23 18:51:33] El usuario ha consultado el saldo exitosamente
[2025-03-23 18:51:37] El usuario ha salido del menu de usuario
[2025-03-23 18:51:44] El usuario ha iniciado sesión correctamente

[2025-03-23 18:52:06] El usuario ha realizado una transferencia exitosa
[2025-03-23 18:52:11] El usuario ha consultado el saldo exitosamente
[2025-03-23 18:52:14] El usuario ha salido del menu de usuario
[2025-03-23 18:52:19] El usuario ha consultado el saldo exitosamente
[2025-03-23 18:52:24] El usuario ha salido del menu de usuario
[2025-03-23 18:52:26] El usuario ha salido del sistema
[2025-03-24 09:17:00] El usuario ha iniciado sesión correctamente

[2025-03-24 09:18:19] El usuario ha iniciado sesión correctamente

[2025-03-24 17:18:14] El usuario ha iniciado sesión correctamente
[2025-03-24 17:18:18] El usuario ha consultado el saldo exitosamente
[2025-03-24 17:18:20] El usuario ha salido del menu de usuario
[2025-03-26 09:53:51] El usuario ha intentado iniciar sesión. Fallo al introducir las credenciales
[2025-03-26 09:55:09] El usuario se ha registrado correctamente
[2025-03-26 09:56:31] El usuario se ha registrado correctamente
[2025-03-26 10:04:08] El usuario ha iniciado sesión correctamente
[2025-03-26 10:04:21] El usuario ha iniciado sesión correctamente
[2025-03-26 10:04:37] El usuario ha iniciado sesión correctamente
[2025-03-26 18:40:09] El usuario ha intentado iniciar sesión. Fallo al introducir las credenciales
[2025-03-26 18:40:32] El usuario ha iniciado sesión correctamente
[2025-03-26 18:40:46] El usuario ha realizado un ingreso exitosamente
[2025-03-26 18:42:32] El usuario ha iniciado sesión correctamente
[2025-03-26 18:42:36] El usuario ha realizado un ingreso exitosamente
[2025-03-26 18:42:50] El usuario ha salido del sistema
[2025-03-26 18:43:27] El usuario ha iniciado sesión correctamente
[2025-03-26 18:43:32] El usuario ha realizado un ingreso exitosamente
[2025-03-26 18:44:41] El usuario ha salido del sistema
[2025-03-26 18:44:50] El usuario ha iniciado sesión correctamente
[2025-03-26 18:45:05] El usuario ha salido del sistema
[2025-03-26 18:49:40] El usuario se ha registrado correctamente
[2025-03-26 18:49:45] El usuario ha salido del sistema
[2025-03-26 19:38:01] El usuario ha iniciado sesión correctamente
[2025-03-26 19:38:29] Se ha abierto el archivo de cuentas
[2025-03-26 19:38:51] Se ha abierto el archivo de cuentas
[2025-03-26 19:38:51] Se ha cerrado el archivo de cuentas
[2025-03-26 19:38:51] El usuario ha iniciado sesión correctamente
[2025-03-26 19:41:56] Se ha abierto el archivo de cuentas
[2025-03-26 19:41:56] Se ha cerrado el archivo de cuentas
[2025-03-26 19:41:56] El usuario ha iniciado sesión correctamente
[2025-03-26 19:44:22] Se ha abierto el archivo de cuentas
[2025-03-26 19:44:22] Se ha cerrado el archivo de cuentas
[2025-03-26 19:44:22] El usuario ha iniciado sesión correctamente
[2025-03-26 19:44:39] Se ha abierto el archivo de cuentas
[2025-03-26 19:44:39] El usuario ha realizado un ingreso exitosamente
[2025-03-26 19:44:39] Se ha abierto el archivo de transacciones
[2025-03-26 19:44:39] Se ha cerrado el archivo de transacciones
[2025-03-26 19:44:39] Se ha cerrado el archivo de cuentas
[2025-03-26 19:47:13] Se ha abierto el archivo de cuentas
[2025-03-26 19:47:13] Se ha cerrado el archivo de cuentas
[2025-03-26 19:47:13] El usuario ha iniciado sesión correctamente
[2025-03-26 19:48:37] Se ha abierto el archivo de cuentas
[2025-03-26 19:48:37] Se ha cerrado el archivo de cuentas
[2025-03-26 19:48:37] El usuario ha iniciado sesión correctamente
[2025-03-26 19:49:19] Se ha abierto el archivo de cuentas
[2025-03-26 19:49:19] Se ha cerrado el archivo de cuentas
[2025-03-26 19:49:19] El usuario ha iniciado sesión correctamente
[2025-03-26 19:50:04] Se ha abierto el archivo de cuentas
[2025-03-26 19:50:04] Se ha cerrado el archivo de cuentas
[2025-03-26 19:50:04] El usuario ha iniciado sesión correctamente
[2025-03-26 19:50:17] Se ha abierto el archivo de cuentas
[2025-03-26 19:50:17] El usuario ha realizado un retiro exitosamente
[2025-03-26 19:50:17] Se ha abierto el archivo de transacciones
[2025-03-26 19:50:17] Se ha cerrado el archivo de transacciones
[2025-03-26 19:53:37] Se ha abierto el archivo de cuentas
[2025-03-26 19:53:37] Se ha cerrado el archivo de cuentas
[2025-03-26 19:53:37] El usuario ha iniciado sesión correctamente
[2025-03-26 19:54:09] Se ha abierto el archivo de cuentas
