2025-05-16,DEPÓSITO,1001,1000
2025-05-16,TRANSFERENCIA,1001,1002,112
2025-05-16,DEPÓSITO,1001,1000
2025-05-16,TRANSFERENCIA,1001,1002,10
2025-05-17,RETIRO,1001,100
2025-05-17,RETIRO,1001,500
2025-05-17,DEPÓSITO,1001,2000
2025-05-17,DEPÓSITO,1001,100
2025-05-17,RETIRO,1001,100
2025-05-17,TRANSFERENCIA,1001,1003,500
2025-05-17,RETIRO,1001,5000
2025-05-17,DEPÓSITO,1001,1000
2025-05-17,TRANSFERENCIA,1001,1003,1000
2025-05-17,DEPÓSITO,1001,1000
2025-05-17,TRANSFERENCIA,1001,1002,1000
2025-05-17,RETIRO,1001,1000
2025-05-17,TRANSFERENCIA,1001,1002,1000
2025-05-17,DEPÓSITO,1001,7000
2025-05-17,TRANSFERENCIA,1001,1002,5000
2025-05-17,TRANSFERENCIA,1001,1027,3000
2025-05-17,TRANSFERENCIA,1001,1002,0
2025-05-17,DEPÓSITO,1001,30000
2025-05-17,TRANSFERENCIA,1001,1002,20000
2025-05-17,RETIRO,1001,1000
2025-05-17,RETIRO,1001,10000
2025-05-17,RETIRO,1001,1000
2025-05-17,DEPÓSITO,1001,10000
2025-05-17,DEPÓSITO,1001,30000
2025-05-17,TRANSFERENCIA,1001,1002,25000
2025-05-17,DEPÓSITO,1001,1000
2025-05-17,DEPÓSITO,1001,3000
2025-05-17,DEPÓSITO,1001,5000
2025-05-17,RETIRO,1001,1000
2025-05-17,TRANSFERENCIA,1001,1002,4000
2025-05-17,TRANSFERENCIA,1001,1002,5000
2025-05-17,DEPÓSITO,1001,5000
2025-05-17,RETIRO,1001,5000
2025-05-17,RETIRO,1001,5000
2025-05-17,DEPÓSITO,1001,10000
2025-05-17,TRANSFERENCIA,1001,1002,5000
2025-05-17,DEPÓSITO,1001,0
2025-05-17,DEPÓSITO,1001,1000
2025-05-17,RETIRO,1001,0
2025-05-17,DEPÓSITO,1001,1000
2025-05-17,RETIRO,1001,2000
2025-05-17,DEPÓSITO,1001,2000
2025-05-17,TRANSFERENCIA,1001,1002,10000
